This is pdfTeX, Version 3.1415926-2.4-1.40.13 (TeX Live 2012/Debian) (format=pdflatex 2013.4.19)  9 MAY 2013 00:07
entering extended mode
 restricted \write18 enabled.
 %&-line parsing enabled.
**main.tex
(./main.tex
LaTeX2e <2011/06/27>
Babel <v3.8m> and hyphenation patterns for english, dumylang, nohyphenation, lo
aded.
(./mitthesis.cls
Document Class: mitthesis 1999/10/20
\vithesis=\count79
Course VI/VIII thesis style.
(/usr/share/texlive/texmf-dist/tex/latex/base/report.cls
Document Class: report 2007/10/19 v1.4h Standard LaTeX document class
(/usr/share/texlive/texmf-dist/tex/latex/base/size12.clo
File: size12.clo 2007/10/19 v1.4h Standard LaTeX file (size option)
)
\c@part=\count80
\c@chapter=\count81
\c@section=\count82
\c@subsection=\count83
\c@subsubsection=\count84
\c@paragraph=\count85
\c@subparagraph=\count86
\c@figure=\count87
\c@table=\count88
\abovecaptionskip=\skip41
\belowcaptionskip=\skip42
\bibindent=\dimen102
)
(/usr/share/texlive/texmf-dist/tex/latex/setspace/setspace.sty
Package: setspace 2011/12/19 v6.7a set line spacing
)
Copyright given to author, permission to copy/distribute given to MIT.
\@titlesupervisor=\box26
\@abstractsupervisor=\box27
\c@savepage=\count89
) (/usr/share/texlive/texmf-dist/tex/latex/base/inputenc.sty
Package: inputenc 2008/03/30 v1.1d Input encoding file
\inpenc@prehook=\toks14
\inpenc@posthook=\toks15

(/usr/share/texlive/texmf-dist/tex/latex/base/latin1.def
File: latin1.def 2008/03/30 v1.1d Input encoding file
))
(/usr/share/texlive/texmf-dist/tex/latex/amsmath/amsmath.sty
Package: amsmath 2000/07/18 v2.13 AMS math features
\@mathmargin=\skip43

For additional information on amsmath, use the `?' option.
(/usr/share/texlive/texmf-dist/tex/latex/amsmath/amstext.sty
Package: amstext 2000/06/29 v2.01

(/usr/share/texlive/texmf-dist/tex/latex/amsmath/amsgen.sty
File: amsgen.sty 1999/11/30 v2.0
\@emptytoks=\toks16
\ex@=\dimen103
))
(/usr/share/texlive/texmf-dist/tex/latex/amsmath/amsbsy.sty
Package: amsbsy 1999/11/29 v1.2d
\pmbraise@=\dimen104
)
(/usr/share/texlive/texmf-dist/tex/latex/amsmath/amsopn.sty
Package: amsopn 1999/12/14 v2.01 operator names
)
\inf@bad=\count90
LaTeX Info: Redefining \frac on input line 211.
\uproot@=\count91
\leftroot@=\count92
LaTeX Info: Redefining \overline on input line 307.
\classnum@=\count93
\DOTSCASE@=\count94
LaTeX Info: Redefining \ldots on input line 379.
LaTeX Info: Redefining \dots on input line 382.
LaTeX Info: Redefining \cdots on input line 467.
\Mathstrutbox@=\box28
\strutbox@=\box29
\big@size=\dimen105
LaTeX Font Info:    Redeclaring font encoding OML on input line 567.
LaTeX Font Info:    Redeclaring font encoding OMS on input line 568.
\macc@depth=\count95
\c@MaxMatrixCols=\count96
\dotsspace@=\muskip10
\c@parentequation=\count97
\dspbrk@lvl=\count98
\tag@help=\toks17
\row@=\count99
\column@=\count100
\maxfields@=\count101
\andhelp@=\toks18
\eqnshift@=\dimen106
\alignsep@=\dimen107
\tagshift@=\dimen108
\tagwidth@=\dimen109
\totwidth@=\dimen110
\lineht@=\dimen111
\@envbody=\toks19
\multlinegap=\skip44
\multlinetaggap=\skip45
\mathdisplay@stack=\toks20
LaTeX Info: Redefining \[ on input line 2666.
LaTeX Info: Redefining \] on input line 2667.
)
(/usr/share/texlive/texmf-dist/tex/latex/amsfonts/amsfonts.sty
Package: amsfonts 2009/06/22 v3.00 Basic AMSFonts support
\symAMSa=\mathgroup4
\symAMSb=\mathgroup5
LaTeX Font Info:    Overwriting math alphabet `\mathfrak' in version `bold'
(Font)                  U/euf/m/n --> U/euf/b/n on input line 96.
)
(/usr/share/texlive/texmf-dist/tex/latex/amsfonts/amssymb.sty
Package: amssymb 2009/06/22 v3.00
)
(/usr/share/texlive/texmf-dist/tex/latex/graphics/graphicx.sty
Package: graphicx 1999/02/16 v1.0f Enhanced LaTeX Graphics (DPC,SPQR)

(/usr/share/texlive/texmf-dist/tex/latex/graphics/keyval.sty
Package: keyval 1999/03/16 v1.13 key=value parser (DPC)
\KV@toks@=\toks21
)
(/usr/share/texlive/texmf-dist/tex/latex/graphics/graphics.sty
Package: graphics 2009/02/05 v1.0o Standard LaTeX Graphics (DPC,SPQR)

(/usr/share/texlive/texmf-dist/tex/latex/graphics/trig.sty
Package: trig 1999/03/16 v1.09 sin cos tan (DPC)
)
(/usr/share/texlive/texmf-dist/tex/latex/latexconfig/graphics.cfg
File: graphics.cfg 2010/04/23 v1.9 graphics configuration of TeX Live
)
Package graphics Info: Driver file: pdftex.def on input line 91.

(/usr/share/texlive/texmf-dist/tex/latex/pdftex-def/pdftex.def
File: pdftex.def 2011/05/27 v0.06d Graphics/color for pdfTeX

(/usr/share/texlive/texmf-dist/tex/generic/oberdiek/infwarerr.sty
Package: infwarerr 2010/04/08 v1.3 Providing info/warning/error messages (HO)
)
(/usr/share/texlive/texmf-dist/tex/generic/oberdiek/ltxcmds.sty
Package: ltxcmds 2011/11/09 v1.22 LaTeX kernel commands for general use (HO)
)
\Gread@gobject=\count102
))
\Gin@req@height=\dimen112
\Gin@req@width=\dimen113
)
(/usr/share/texlive/texmf-dist/tex/latex/natbib/natbib.sty
Package: natbib 2010/09/13 8.31b (PWD, AO)
\bibhang=\skip46
\bibsep=\skip47
LaTeX Info: Redefining \cite on input line 694.
\c@NAT@ctr=\count103
)
(/usr/share/texlive/texmf-dist/tex/latex/geometry/geometry.sty
Package: geometry 2010/09/12 v5.6 Page Geometry

(/usr/share/texlive/texmf-dist/tex/generic/oberdiek/ifpdf.sty
Package: ifpdf 2011/01/30 v2.3 Provides the ifpdf switch (HO)
Package ifpdf Info: pdfTeX in PDF mode is detected.
)
(/usr/share/texlive/texmf-dist/tex/generic/oberdiek/ifvtex.sty
Package: ifvtex 2010/03/01 v1.5 Detect VTeX and its facilities (HO)
Package ifvtex Info: VTeX not detected.
)
(/usr/share/texlive/texmf-dist/tex/generic/ifxetex/ifxetex.sty
Package: ifxetex 2010/09/12 v0.6 Provides ifxetex conditional
)
\Gm@cnth=\count104
\Gm@cntv=\count105
\c@Gm@tempcnt=\count106
\Gm@bindingoffset=\dimen114
\Gm@wd@mp=\dimen115
\Gm@odd@mp=\dimen116
\Gm@even@mp=\dimen117
\Gm@layoutwidth=\dimen118
\Gm@layoutheight=\dimen119
\Gm@layouthoffset=\dimen120
\Gm@layoutvoffset=\dimen121
\Gm@dimlist=\toks22
)

LaTeX Warning: Unused global option(s):
    [doublepage].

(./main.aux (./abstract.aux) (./intro.aux) (./background.aux) (./structure.aux)
(./discussion.aux) (./conclusion.aux) (./xsecappendix.aux

LaTeX Warning: Label `lil_dariv_joint' multiply defined.


LaTeX Warning: Label `lil_dariv_joint' multiply defined.

))
\openout1 = `main.aux'.

LaTeX Font Info:    Checking defaults for OML/cmm/m/it on input line 13.
LaTeX Font Info:    ... okay on input line 13.
LaTeX Font Info:    Checking defaults for T1/cmr/m/n on input line 13.
LaTeX Font Info:    ... okay on input line 13.
LaTeX Font Info:    Checking defaults for OT1/cmr/m/n on input line 13.
LaTeX Font Info:    ... okay on input line 13.
LaTeX Font Info:    Checking defaults for OMS/cmsy/m/n on input line 13.
LaTeX Font Info:    ... okay on input line 13.
LaTeX Font Info:    Checking defaults for OMX/cmex/m/n on input line 13.
LaTeX Font Info:    ... okay on input line 13.
LaTeX Font Info:    Checking defaults for U/cmr/m/n on input line 13.
LaTeX Font Info:    ... okay on input line 13.
 (/usr/share/texlive/texmf-dist/tex/context/base/supp-pdf.mkii
[Loading MPS to PDF converter (version 2006.09.02).]
\scratchcounter=\count107
\scratchdimen=\dimen122
\scratchbox=\box30
\nofMPsegments=\count108
\nofMParguments=\count109
\everyMPshowfont=\toks23
\MPscratchCnt=\count110
\MPscratchDim=\dimen123
\MPnumerator=\count111
\makeMPintoPDFobject=\count112
\everyMPtoPDFconversion=\toks24
) (/usr/share/texlive/texmf-dist/tex/generic/oberdiek/pdftexcmds.sty
Package: pdftexcmds 2011/11/29 v0.20 Utility functions of pdfTeX for LuaTeX (HO
)

(/usr/share/texlive/texmf-dist/tex/generic/oberdiek/ifluatex.sty
Package: ifluatex 2010/03/01 v1.3 Provides the ifluatex switch (HO)
Package ifluatex Info: LuaTeX not detected.
)
Package pdftexcmds Info: LuaTeX not detected.
Package pdftexcmds Info: \pdf@primitive is available.
Package pdftexcmds Info: \pdf@ifprimitive is available.
Package pdftexcmds Info: \pdfdraftmode found.
)
(/usr/share/texlive/texmf-dist/tex/latex/oberdiek/epstopdf-base.sty
Package: epstopdf-base 2010/02/09 v2.5 Base part for package epstopdf

(/usr/share/texlive/texmf-dist/tex/latex/oberdiek/grfext.sty
Package: grfext 2010/08/19 v1.1 Manage graphics extensions (HO)

(/usr/share/texlive/texmf-dist/tex/generic/oberdiek/kvdefinekeys.sty
Package: kvdefinekeys 2011/04/07 v1.3 Define keys (HO)
))
(/usr/share/texlive/texmf-dist/tex/latex/oberdiek/kvoptions.sty
Package: kvoptions 2011/06/30 v3.11 Key value format for package options (HO)

(/usr/share/texlive/texmf-dist/tex/generic/oberdiek/kvsetkeys.sty
Package: kvsetkeys 2012/04/25 v1.16 Key value parser (HO)

(/usr/share/texlive/texmf-dist/tex/generic/oberdiek/etexcmds.sty
Package: etexcmds 2011/02/16 v1.5 Avoid name clashes with e-TeX commands (HO)
Package etexcmds Info: Could not find \expanded.
(etexcmds)             That can mean that you are not using pdfTeX 1.50 or
(etexcmds)             that some package has redefined \expanded.
(etexcmds)             In the latter case, load this package earlier.
)))
Package grfext Info: Graphics extension search list:
(grfext)             [.png,.pdf,.jpg,.mps,.jpeg,.jbig2,.jb2,.PNG,.PDF,.JPG,.JPE
G,.JBIG2,.JB2,.eps]
(grfext)             \AppendGraphicsExtensions on input line 452.

(/usr/share/texlive/texmf-dist/tex/latex/latexconfig/epstopdf-sys.cfg
File: epstopdf-sys.cfg 2010/07/13 v1.3 Configuration of (r)epstopdf for TeX Liv
e
))
*geometry* driver: auto-detecting
*geometry* detected driver: pdftex
*geometry* verbose mode - [ preamble ] result:
* driver: pdftex
* paper: <default>
* layout: <same size as paper>
* layoutoffset:(h,v)=(0.0pt,0.0pt)
* modes: 
* h-part:(L,W,R)=(54.2025pt, 505.89pt, 54.2025pt)
* v-part:(T,H,B)=(54.2025pt, 686.56499pt, 54.2025pt)
* \paperwidth=614.295pt
* \paperheight=794.96999pt
* \textwidth=505.89pt
* \textheight=686.56499pt
* \oddsidemargin=-18.06749pt
* \evensidemargin=-18.06749pt
* \topmargin=-55.06749pt
* \headheight=12.0pt
* \headsep=25.0pt
* \topskip=12.0pt
* \footskip=30.0pt
* \marginparwidth=44.0pt
* \marginparsep=10.0pt
* \columnsep=10.0pt
* \skip\footins=10.8pt plus 4.0pt minus 2.0pt
* \hoffset=0.0pt
* \voffset=0.0pt
* \mag=1000
* \@twocolumnfalse
* \@twosidefalse
* \@mparswitchfalse
* \@reversemarginfalse
* (1in=72.27pt=25.4mm, 1cm=28.453pt)

LaTeX Font Info:    Try loading font information for OMS+cmr on input line 24.
(/usr/share/texlive/texmf-dist/tex/latex/base/omscmr.fd
File: omscmr.fd 1999/05/25 v2.5h Standard LaTeX font definitions
)
LaTeX Font Info:    Font shape `OMS/cmr/m/n' in size <14.4> not available
(Font)              Font shape `OMS/cmsy/m/n' tried instead on input line 24.
 [1


{/var/lib/texmf/fonts/map/pdftex/updmap/pdftex.map}]
\openout2 = `abstract.aux'.

 (./abstract.tex [2


]) [3

] (./main.toc
LaTeX Font Info:    Try loading font information for U+msa on input line 1.

(/usr/share/texlive/texmf-dist/tex/latex/amsfonts/umsa.fd
File: umsa.fd 2009/06/22 v3.00 AMS symbols A
)
LaTeX Font Info:    Try loading font information for U+msb on input line 1.

(/usr/share/texlive/texmf-dist/tex/latex/amsfonts/umsb.fd
File: umsb.fd 2009/06/22 v3.00 AMS symbols B
))
\tf@toc=\write3
\openout3 = `main.toc'.

 [4

] (./main.lof
[5

] [6])
\tf@lof=\write4
\openout4 = `main.lof'.

 [7]
\openout2 = `intro.aux'.

 (./intro.tex) [8


]
\openout2 = `background.aux'.

 (./background.tex
<asia.png, id=32, 501.5538pt x 430.0065pt>
File: asia.png Graphic file (type png)
 <use asia.png>
Package pdftex.def Info: asia.png used on input line 8.
(pdftex.def)             Requested size: 505.90718pt x 433.62076pt.


LaTeX Warning: `!h' float specifier changed to `!ht'.

[9


] [10 <./asia.png>] <broad.png, id=41, 446.3877pt x 260.6538pt>
File: broad.png Graphic file (type png)

<use broad.png>
Package pdftex.def Info: broad.png used on input line 23.
(pdftex.def)             Requested size: 505.8971pt x 295.61317pt.


LaTeX Warning: `!h' float specifier changed to `!ht'.

[11] [12 <./broad.png>] <intro.png, id=49, 565.8741pt x 340.1508pt>
File: intro.png Graphic file (type png)

<use intro.png>
Package pdftex.def Info: intro.png used on input line 40.
(pdftex.def)             Requested size: 505.9145pt x 303.55331pt.
 <basins.png, id=50, 401.5803pt x 506.1309pt>
File: basins.png Graphic file (type png)
 <use basins.png>
Package pdftex.def Info: basins.png used on input line 48.
(pdftex.def)             Requested size: 325.22311pt x 409.7707pt.

[13 <./intro.png>]
LaTeX Font Info:    Font shape `OMS/cmr/m/n' in size <12> not available
(Font)              Font shape `OMS/cmsy/m/n' tried instead on input line 55.
 [14 <./basins.png>] [15]
<bedrockfigure.png, id=62, 337.5009pt x 253.1859pt>
File: bedrockfigure.png Graphic file (type png)
 <use bedrockfigure.png>
Package pdftex.def Info: bedrockfigure.png used on input line 73.
(pdftex.def)             Requested size: 462.5228pt x 325.25128pt.

[16 <./bedrockfigure.png>] <grain.png, id=67, 446.6286pt x 261.1356pt>
File: grain.png Graphic file (type png)

<use grain.png>
Package pdftex.def Info: grain.png used on input line 82.
(pdftex.def)             Requested size: 433.61768pt x 252.95454pt.
 [17 <./grain.png>])
\openout2 = `structure.aux'.

 (./structure.tex [18



]
<fault_map.png, id=74, 589.7232pt x 339.669pt>
File: fault_map.png Graphic file (type png)
 <use fault_map.png>
Package pdftex.def Info: fault_map.png used on input line 14.
(pdftex.def)             Requested size: 505.89229pt x 361.3587pt.

<khantaishir_joint.png, id=75, 560.5743pt x 754.7397pt>
File: khantaishir_joint.png Graphic file (type png)

<use khantaishir_joint.png>
Package pdftex.def Info: khantaishir_joint.png used on input line 24.
(pdftex.def)             Requested size: 433.62799pt x 583.24734pt.


LaTeX Warning: `!h' float specifier changed to `!ht'.

[19 <./fault_map.png>]

LaTeX Warning: Text page 20 contains only floats.

[20 <./khantaishir_joint.png>]
<faultscollage.png, id=85, 775.698pt x 880.2486pt>
File: faultscollage.png Graphic file (type png)
 <use faultscollage.png>
Package pdftex.def Info: faultscollage.png used on input line 32.
(pdftex.def)             Requested size: 289.07509pt x 327.39268pt.

[21 <./faultscollage.png>] <haliun_joint.png, id=91, 475.5366pt x 538.6524pt>
File: haliun_joint.png Graphic file (type png)

<use haliun_joint.png>
Package pdftex.def Info: haliun_joint.png used on input line 47.
(pdftex.def)             Requested size: 505.88766pt x 493.62651pt.


LaTeX Warning: `!h' float specifier changed to `!ht'.

[22] [23 <./haliun_joint.png>]
<intersection_wedge_joint.png, id=99, 514.8033pt x 655.7298pt>
File: intersection_wedge_joint.png Graphic file (type png)

<use intersection_wedge_joint.png>
Package pdftex.def Info: intersection_wedge_joint.png used on input line 65.
(pdftex.def)             Requested size: 433.63368pt x 555.06166pt.


LaTeX Warning: `!h' float specifier changed to `!ht'.

[24] <lil_dariv_joint.png, id=103, 503.481pt x 539.8569pt>
File: lil_dariv_joint.png Graphic file (type png)

<use lil_dariv_joint.png>
Package pdftex.def Info: lil_dariv_joint.png used on input line 86.
(pdftex.def)             Requested size: 505.89975pt x 542.06325pt.


LaTeX Warning: `!h' float specifier changed to `!ht'.

[25] [26 <./intersection_wedge_joint.png>] [27 <./lil_dariv_joint.png>]
<neshargyn_joint.png, id=116, 538.6524pt x 527.3301pt>
File: neshargyn_joint.png Graphic file (type png)

<use neshargyn_joint.png>
Package pdftex.def Info: neshargyn_joint.png used on input line 99.
(pdftex.def)             Requested size: 505.91415pt x 495.06274pt.


LaTeX Warning: `!h' float specifier changed to `!ht'.

[28

] <shargyn_fault_streams.png, id=120, 553.5882pt x 293.6571pt>
File: shargyn_fault_streams.png Graphic file (type png)

<use shargyn_fault_streams.png>
Package pdftex.def Info: shargyn_fault_streams.png used on input line 108.
(pdftex.def)             Requested size: 289.09233pt x 144.53848pt.


LaTeX Warning: `!h' float specifier changed to `!ht'.

[29 <./neshargyn_joint.png>] [30 <./shargyn_fault_streams.png>]
<eq_locs.png, id=128, 589.9641pt x 340.1508pt>
File: eq_locs.png Graphic file (type png)
 <use eq_locs.png>
Package pdftex.def Info: eq_locs.png used on input line 122.
(pdftex.def)             Requested size: 361.36292pt x 208.14046pt.
) [31 <./eq_locs.png>]
\openout2 = `discussion.aux'.

 (./discussion.tex <schematic.png, id=133, 487.8225pt x 265.2309pt>
File: schematic.png Graphic file (type png)

<use schematic.png>
Package pdftex.def Info: schematic.png used on input line 6.
(pdftex.def)             Requested size: 433.62473pt x 252.9554pt.
 [32


 <./schematic.png>]) [33]
\openout2 = `conclusion.aux'.

 (./conclusion.tex) [34


]
\openout2 = `xsecappendix.aux'.


(./xsecappendix.tex <x1x2x3.png, id=144, 2027.575pt x 2089.8075pt>
File: x1x2x3.png Graphic file (type png)

<use x1x2x3.png>
Package pdftex.def Info: x1x2x3.png used on input line 4.
(pdftex.def)             Requested size: 505.87155pt x 505.86891pt.
 <x4x5.png, id=145, 2027.575pt x 1537.745pt>
File: x4x5.png Graphic file (type png)
 <use x4x5.png>
Package pdftex.def Info: x4x5.png used on input line 10.
(pdftex.def)             Requested size: 505.87155pt x 379.414pt.


LaTeX Warning: `!h' float specifier changed to `!ht'.

) [35


 <./x1x2x3.png>] [36 <./x4x5.png>] (./main.bbl
Underfull \hbox (badness 3108) in paragraph at lines 19--28
[]\OT1/cmr/m/n/12 Amgalan Bayas-galan, James Jack-son, and Dan McKen-zie.  Lith
o-sphere rhe-ol-ogy and
 []


Underfull \hbox (badness 2951) in paragraph at lines 19--28
\OT1/cmr/m/n/12 ac-tive tec-ton-ics in Mon-go-lia: re-la-tions be-tween earth-q
uake source pa-ram-e-ters, grav-
 []


Underfull \hbox (badness 1490) in paragraph at lines 19--28
\OT1/cmr/m/n/12 ity and GPS mea-sure-ments.  \OT1/cmr/m/it/12 Geo-phys-i-cal Jo
ur-nal In-ter-na-tional\OT1/cmr/m/n/12 , 163(3):1151--1179, De-
 []


Underfull \hbox (badness 6493) in paragraph at lines 19--28
\OT1/cmr/m/n/12 cem-ber 2005.  ISSN 0956540X.  doi: 10.1111/j.1365-246X.2005.02
764.x.  URL
 []


Underfull \hbox (badness 10000) in paragraph at lines 30--35
[]\OT1/cmr/m/n/12 C Busby and R In-ger-soll.  \OT1/cmr/m/it/12 Tec-ton-ics of s
ed-i-men-tary basins\OT1/cmr/m/n/12 .  1995.  URL
 []


Underfull \hbox (badness 3514) in paragraph at lines 37--44
[]\OT1/cmr/m/n/12 Eric Calais.  GPS mea-sure-ments of crustal de-for-ma-tion in
 the Baikal-Mongolia area
 []


Underfull \hbox (badness 1281) in paragraph at lines 37--44
\OT1/cmr/m/n/12 (1994-2002): Im-pli-ca-tions for cur-rent kine-mat-ics of Asia.
  \OT1/cmr/m/it/12 Jour-nal of Geo-phys-i-cal Re-
 []


Underfull \hbox (badness 5147) in paragraph at lines 37--44
\OT1/cmr/m/it/12 search\OT1/cmr/m/n/12 , 108(B10), 2003.  ISSN 0148-0227.  doi:
 10.1029/2002JB002373.  URL
 []


Underfull \hbox (badness 10000) in paragraph at lines 46--51
[]\OT1/cmr/m/n/12 AR Car-roll, L Yun-hai, and SA Gra-ham.  Jung-gar basin, nort
h-west
 []


Underfull \hbox (badness 10000) in paragraph at lines 46--51
\OT1/cmr/m/n/12 China: trapped late Pa-le-o-zoic ocean.  \OT1/cmr/m/it/12 Tecto
no-physics\OT1/cmr/m/n/12 , 1990.  URL
 []


Underfull \hbox (badness 1789) in paragraph at lines 53--60
\OT1/cmr/m/n/12 the-sis and dis-cus-sion.  \OT1/cmr/m/it/12 Jour-nal of Struc-t
ural Ge-ol-ogy\OT1/cmr/m/n/12 , 14(10):1149--1156, 1992.  URL
 []


Underfull \hbox (badness 1082) in paragraph at lines 62--71
\OT1/cmr/m/n/12 (2):436--444, De-cem-ber 2005.  ISSN 0012821X.  doi: 10.1016/j.
epsl.2005.09.013.  URL
 []

[37


]
Underfull \hbox (badness 10000) in paragraph at lines 73--81
[]\OT1/cmr/m/n/12 D. Cun-ning-ham.  Tec-tonic set-ting and struc-tural evo-lu-t
ion of the Late Ceno-
 []


Underfull \hbox (badness 10000) in paragraph at lines 73--81
\OT1/cmr/m/n/12 zoic Gobi Al-tai oro-gen.  \OT1/cmr/m/it/12 Ge-o-log-i-cal So-c
i-ety, Lon-don, Spe-cial Pub-li-ca-tions\OT1/cmr/m/n/12 , 338
 []


Underfull \hbox (badness 4531) in paragraph at lines 73--81
\OT1/cmr/m/n/12 (1):361--387, Septem-ber 2010.  ISSN 0305-8719.  doi: 10.1144/S
P338.17.  URL
 []


Underfull \hbox (badness 7256) in paragraph at lines 91--100
[]\OT1/cmr/m/n/12 Dickson Cun-ning-ham, Sarah Davies, and Gom-bo-suren Badarch.
  Crustal ar-chi-tec-
 []


Underfull \hbox (badness 5431) in paragraph at lines 91--100
\OT1/cmr/m/n/12 ture and ac-tive growth of the Su-tai Range, west-ern Mon-go-li
a: a ma-jor in-tra-
 []


Underfull \hbox (badness 10000) in paragraph at lines 91--100
\OT1/cmr/m/n/12 con-ti-nen-tal, in-traplate re-strain-ing bend.  \OT1/cmr/m/it/
12 Jour-nal of Geo-dy-nam-ics\OT1/cmr/m/n/12 , 36(1-2):169--
 []


Underfull \hbox (badness 3590) in paragraph at lines 91--100
\OT1/cmr/m/n/12 191, Au-gust 2003.  ISSN 02643707.  doi: 10.1016/S0264-3707(03)
00046-2.  URL
 []


Underfull \hbox (badness 10000) in paragraph at lines 102--108
[]\OT1/cmr/m/n/12 P Davy and PR Cob-bold.  In-den-ta-tion tec-ton-ics in na-tur
e and ex-per-i-ment.
 []


Underfull \hbox (badness 10000) in paragraph at lines 102--108
\OT1/cmr/m/n/12 1. Ex-per-i-ments scaled for grav-ity.  \OT1/cmr/m/it/12 Bull. 
Geol. Inst. Up-p-sala\OT1/cmr/m/n/12 , 1988.  URL
 []


Overfull \hbox (65.862pt too wide) in paragraph at lines 102--108
\OT1/cmtt/m/n/12 http://blogperso.univ-rennes1.fr/philippe.davy/public/pdf/Davy
[]Cobbold[]Bull.Upsala[]1988.pdf\OT1/cmr/m/n/12 . 
 []


Underfull \hbox (badness 4621) in paragraph at lines 110--116
[]\OT1/cmr/m/n/12 AH Di-jk-stra and FM Brouwer.  Late Neo-pro-tero-zoic proto-a
rc ocean crust in the
 []


Underfull \hbox (badness 10000) in paragraph at lines 110--116
\OT1/cmr/m/n/12 Dariv Range, West-ern Mon-go-lia: a supra-subduction zone end-m
ember ophi-
 []


Underfull \hbox (badness 10000) in paragraph at lines 110--116
\OT1/cmr/m/n/12 o-lite.  \OT1/cmr/m/it/12 Jour-nal of the Ge-o-log-i-cal So-ci-
ety, Lon-don\OT1/cmr/m/n/12 , 163:363--373, 2006.  URL
 []

[38]
Underfull \hbox (badness 4981) in paragraph at lines 159--165
[]\OT1/cmr/m/n/12 JP Howard and WD Cun-ning-ham.  Com-pet-ing pro-cesses of cla
s-tic de-po-si-tion and
 []


Underfull \hbox (badness 10000) in paragraph at lines 159--165
\OT1/cmr/m/n/12 com-part-men-tal-ized in-ver-sion in an ac-tively evolv-ing tra
ns-pres-sional basin, west-ern
 []


Underfull \hbox (badness 4366) in paragraph at lines 159--165
\OT1/cmr/m/n/12 Mon-go-lia.  \OT1/cmr/m/it/12 Jour-nal of the Ge-o-log-i-cal So
-ci-ety, Lon-don\OT1/cmr/m/n/12 , 163:657--670, 2006.  URL
 []


Underfull \hbox (badness 2435) in paragraph at lines 168--176
[]\OT1/cmr/m/n/12 RA Ku-rushin, A Bayas-galan, M Olziy-bat, B En-htu-vshin, Pe-
ter Mol-nar, C Ba-yarsay-
 []


Underfull \hbox (badness 1264) in paragraph at lines 168--176
\OT1/cmr/m/n/12 Mon-go-lia, earth-quake.  \OT1/cmr/m/it/12 Ge-o-log-i-cal So-ci
-ety of Amer-i-can Spe-cial Pa-per\OT1/cmr/m/n/12 , 320:1--144, 1998.
 []


Underfull \hbox (badness 4940) in paragraph at lines 178--184
[]\OT1/cmr/m/n/12 CJ Northrup, LH Roy-den, and BC Burch-fiel.  Mo-tion of the P
a-cific plate rel-a-
 []


Underfull \hbox (badness 3679) in paragraph at lines 178--184
\OT1/cmr/m/n/12 tive to Eura-sia and its po-ten-tial re-la-tion to Ceno-zoic ex
-ten-sion along the east-ern
 []


Underfull \hbox (badness 2903) in paragraph at lines 178--184
\OT1/cmr/m/n/12 mar-gin of Eura-sia.  \OT1/cmr/m/it/12 Ge-ol-ogy\OT1/cmr/m/n/12
 , 1995.  doi: 10.1130/0091-7613(1995)023<0719.  URL
 []


Underfull \hbox (badness 1163) in paragraph at lines 186--195
\OT1/cmr/m/n/12 (De-cem-ber 4, 1957) earth-quake.  \OT1/cmr/m/it/12 Physics of 
the Earth and Plan-e-tary In-te-ri-ors\OT1/cmr/m/n/12 , 12(4):
 []


Underfull \hbox (badness 6204) in paragraph at lines 197--201
[]\OT1/cmr/m/n/12 Gilles Peltzer and F Saucier.  Present-day kine-mat-ics of As
ia de-rived from ge-o-
 []


Underfull \hbox (badness 3503) in paragraph at lines 197--201
\OT1/cmr/m/n/12 logic fault rates.  \OT1/cmr/m/it/12 Jour-nal of Geo-phys-i-cal
 Re-search: Solid ...\OT1/cmr/m/n/12 , 10, 1996.  URL
 []


Underfull \hbox (badness 10000) in paragraph at lines 203--211
[]\OT1/cmr/m/n/12 Fred Pol-litz.  Fault in-ter-ac-tion and stress trig-ger-ing 
of twen-ti-eth cen-
 []


Underfull \hbox (badness 10000) in paragraph at lines 203--211
\OT1/cmr/m/n/12 tury earth-quakes in Mon-go-lia.  \OT1/cmr/m/it/12 Jour-nal of 
Geo-phys-i-cal Re-search\OT1/cmr/m/n/12 , 108
 []


Underfull \hbox (badness 10000) in paragraph at lines 203--211
\OT1/cmr/m/n/12 (B10):2503, 2003.  ISSN 0148-0227.  doi: 10.1029/2002JB002375. 
 URL
 []

[39]
Underfull \hbox (badness 1067) in paragraph at lines 221--230
[]\OT1/cmr/m/n/12 W.P. Schel-lart.  In-flu-ence of the sub-duct-ing plate ve-lo
c-ity on the ge-om-e-try of the slab
 []


Underfull \hbox (badness 1472) in paragraph at lines 221--230
\OT1/cmr/m/n/12 and mi-gra-tion of the sub-duc-tion hinge.  \OT1/cmr/m/it/12 Ea
rth and Plan-e-tary Sci-ence Let-ters\OT1/cmr/m/n/12 , 231(3-
 []


Underfull \hbox (badness 2772) in paragraph at lines 221--230
\OT1/cmr/m/n/12 4):197--219, March 2005.  ISSN 0012821X.  doi: 10.1016/j.epsl.2
004.12.019.  URL
 []


Underfull \hbox (badness 1509) in paragraph at lines 232--238
\OT1/cmr/m/n/12 Mon-go-lia, and Baykal re-gions.  \OT1/cmr/m/it/12 Jour-nal of 
Geo-phys-i-cal Re-search\OT1/cmr/m/n/12 , 84(9), 1979.  URL
 []


Underfull \hbox (badness 1661) in paragraph at lines 240--245
[]\OT1/cmr/m/n/12 P Tap-pon-nier, G Peltzer, and AY Le Dain.  Prop-a-gat-ing ex
-tru-sion tec-ton-ics in Asia:
 []


Underfull \hbox (badness 1688) in paragraph at lines 247--255
[]\OT1/cmr/m/n/12 R. T. Walker, E. Molor, M. Fox, and a. Bayas-galan.  Ac-tive 
tec-ton-ics of an ap-par-
 []


Underfull \hbox (badness 4686) in paragraph at lines 247--255
\OT1/cmr/m/n/12 ently aseis-mic re-gion: dis-tributed ac-tive strike-slip fault
-ing in the Hangay Moun-
 []


Underfull \hbox (badness 10000) in paragraph at lines 247--255
\OT1/cmr/m/n/12 tains of cen-tral Mon-go-lia.  \OT1/cmr/m/it/12 Geo-phys-i-cal 
Jour-nal In-ter-na-tional\OT1/cmr/m/n/12 , 174(3):1121--1137,
 []


Underfull \hbox (badness 3668) in paragraph at lines 247--255
\OT1/cmr/m/n/12 Septem-ber 2008.  ISSN 0956540X.  doi: 10.1111/j.1365-246X.2008
.03874.x.  URL
 []

[40]) [41] (./main.aux (./abstract.aux) (./intro.aux) (./background.aux)
(./structure.aux) (./discussion.aux) (./conclusion.aux) (./xsecappendix.aux))

LaTeX Warning: There were multiply-defined labels.

 ) 
Here is how much of TeX's memory you used:
 3617 strings out of 495059
 49001 string characters out of 3182030
 115130 words of memory out of 3000000
 6670 multiletter control sequences out of 15000+200000
 11175 words of font info for 42 fonts, out of 3000000 for 9000
 14 hyphenation exceptions out of 8191
 38i,7n,32p,1389b,266s stack positions out of 5000i,500n,10000p,200000b,50000s
</usr/share/texlive/texmf-dist/fonts/type1/public/amsfonts/cm/cmbx12.pfb></us
r/share/texlive/texmf-dist/fonts/type1/public/amsfonts/cm/cmr12.pfb></usr/share
/texlive/texmf-dist/fonts/type1/public/amsfonts/cm/cmr17.pfb></usr/share/texliv
e/texmf-dist/fonts/type1/public/amsfonts/cm/cmsy10.pfb></usr/share/texlive/texm
f-dist/fonts/type1/public/amsfonts/cm/cmsy8.pfb></usr/share/texlive/texmf-dist/
fonts/type1/public/amsfonts/cm/cmti12.pfb></usr/share/texlive/texmf-dist/fonts/
type1/public/amsfonts/cm/cmtt12.pfb>
Output written on main.pdf (41 pages, 51615392 bytes).
PDF statistics:
 197 PDF objects out of 1000 (max. 8388607)
 115 compressed objects within 2 object streams
 0 named destinations out of 1000 (max. 500000)
 91 words of extra memory for PDF output out of 10000 (max. 10000000)

